<?xml version="1.0" encoding="UTF-8"?>
<testng-results skipped="0" failed="0" total="1" passed="1">
  <reporter-output>
  </reporter-output>
  <suite name="Suite" duration-ms="30550" started-at="2019-10-12T10:00:28Z" finished-at="2019-10-12T10:00:58Z">
    <groups>
    </groups>
    <test name="Test" duration-ms="30550" started-at="2019-10-12T10:00:28Z" finished-at="2019-10-12T10:00:58Z">
      <class name="miniproject.acmeproject.AcmeLogin">
        <test-method status="PASS" signature="acmelogin()[pri:0, instance:miniproject.acmeproject.AcmeLogin@ae45eb6]" name="acmelogin" duration-ms="30526" started-at="2019-10-12T15:30:28Z" finished-at="2019-10-12T15:30:58Z">
          <reporter-output>
          </reporter-output>
        </test-method> <!-- acmelogin -->
      </class> <!-- miniproject.acmeproject.AcmeLogin -->
    </test> <!-- Test -->
  </suite> <!-- Suite -->
</testng-results>
